[ 14%] [32mBuilding CXX object CMakeFiles/v4l2_camera.dir/src/v4l2_camera.cpp.o[0m
[01m[K/home/ubuntu/ros2_ws/src/v4l2_camera/src/v4l2_camera.cpp:[m[K In member function â€˜[01m[Ksensor_msgs::msg::Image_<std::allocator<void> >::UniquePtr v4l2_camera::V4L2Camera::convert(const Image&) const[m[Kâ€™:
[01m[K/home/ubuntu/ros2_ws/src/v4l2_camera/src/v4l2_camera.cpp:487:7:[m[K [01;31m[Kerror: [m[Kâ€˜[01m[Kyuyv2rgb[m[Kâ€™ was not declared in this scope
  487 |       [01;31m[Kyuyv2rgb[m[K(
      |       [01;31m[K^~~~~~~~[m[K
make[2]: *** [CMakeFiles/v4l2_camera.dir/build.make:76: CMakeFiles/v4l2_camera.dir/src/v4l2_camera.cpp.o] Error 1
make[1]: *** [CMakeFiles/Makefile2:141: CMakeFiles/v4l2_camera.dir/all] Error 2
make: *** [Makefile:146: all] Error 2
