[0.712s] Invoking command in '/home/ubuntu/ros2_ws/build/bluespace_ai_xsens_mti_driver': CMAKE_PREFIX_PATH=${CMAKE_PREFIX_PATH}:/opt/ros/foxy /home/ubuntu/.local/bin/cmake --build /home/ubuntu/ros2_ws/build/bluespace_ai_xsens_mti_driver -- -j4 -l4
[0.802s] [ 25%] [32mBuilding CXX object CMakeFiles/xsens_mti_node.dir/src/xdainterface.cpp.o[0m
[5.123s] In file included from [01m[K/home/ubuntu/ros2_ws/src/bluespace_ai_xsens_ros_mti_driver/src/xdainterface.cpp:87[m[K:
[5.123s] [01m[K/home/ubuntu/ros2_ws/src/bluespace_ai_xsens_ros_mti_driver/src/messagepublishers/imu_cam_publisher.h:[m[K In constructor â€˜[01m[KCamImuPublisher::CamImuPublisher(rclcpp::Node&)[m[Kâ€™:
[5.124s] [01m[K/home/ubuntu/ros2_ws/src/bluespace_ai_xsens_ros_mti_driver/src/messagepublishers/imu_cam_publisher.h:19:15:[m[K [01;31m[Kerror: [m[Kâ€˜[01m[Kstruct CamImuPublisher[m[Kâ€™ has no member named â€˜[01m[Kget_parameter[m[Kâ€™
[5.124s]    19 |         this->[01;31m[Kget_parameter[m[K("publisher_queue_size", pub_queue_size);
[5.124s]       |               [01;31m[K^~~~~~~~~~~~~[m[K
[5.124s] [01m[K/home/ubuntu/ros2_ws/src/bluespace_ai_xsens_ros_mti_driver/src/messagepublishers/imu_cam_publisher.h:20:21:[m[K [01;31m[Kerror: [m[Kâ€˜[01m[Kstruct CamImuPublisher[m[Kâ€™ has no member named â€˜[01m[Kcreate_publisher[m[Kâ€™
[5.124s]    20 |         pub = this->[01;31m[Kcreate_publisher[m[K<sensor_msgs::msg::Image>("/imu_cam_sync", pub_queue_size);
[5.124s]       |                     [01;31m[K^~~~~~~~~~~~~~~~[m[K
[5.124s] [01m[K/home/ubuntu/ros2_ws/src/bluespace_ai_xsens_ros_mti_driver/src/messagepublishers/imu_cam_publisher.h:20:61:[m[K [01;31m[Kerror: [m[Kexpected primary-expression before â€˜[01m[K>[m[Kâ€™ token
[5.125s]    20 |         pub = this->create_publisher<sensor_msgs::msg::Image[01;31m[K>[m[K("/imu_cam_sync", pub_queue_size);
[5.125s]       |                                                             [01;31m[K^[m[K
[5.137s] [01m[K/home/ubuntu/ros2_ws/src/bluespace_ai_xsens_ros_mti_driver/src/messagepublishers/imu_cam_publisher.h:[m[K In lambda function:
[5.137s] [01m[K/home/ubuntu/ros2_ws/src/bluespace_ai_xsens_ros_mti_driver/src/messagepublishers/imu_cam_publisher.h:24:13:[m[K [01;31m[Kerror: [m[Kâ€˜[01m[Kimage_callback[m[Kâ€™ was not declared in this scope; did you mean â€˜[01m[Ksub_image_callback[m[Kâ€™?
[5.137s]    24 |             [01;31m[Kimage_callback[m[K(msg);
[5.137s]       |             [01;31m[K^~~~~~~~~~~~~~[m[K
[5.138s]       |             [32m[Ksub_image_callback[m[K
[5.138s] [01m[K/home/ubuntu/ros2_ws/src/bluespace_ai_xsens_ros_mti_driver/src/messagepublishers/imu_cam_publisher.h:[m[K In constructor â€˜[01m[KCamImuPublisher::CamImuPublisher(rclcpp::Node&)[m[Kâ€™:
[5.138s] [01m[K/home/ubuntu/ros2_ws/src/bluespace_ai_xsens_ros_mti_driver/src/messagepublishers/imu_cam_publisher.h:26:27:[m[K [01;31m[Kerror: [m[Kâ€˜[01m[Kstruct CamImuPublisher[m[Kâ€™ has no member named â€˜[01m[Kcreate_subscription[m[Kâ€™
[5.138s]    26 |         sub_image = this->[01;31m[Kcreate_subscription[m[K<sensor_msgs::msg::Image>("/image_raw", 5, sub_image_callback);
[5.138s]       |                           [01;31m[K^~~~~~~~~~~~~~~~~~~[m[K
[5.138s] [01m[K/home/ubuntu/ros2_ws/src/bluespace_ai_xsens_ros_mti_driver/src/messagepublishers/imu_cam_publisher.h:26:70:[m[K [01;31m[Kerror: [m[Kexpected primary-expression before â€˜[01m[K>[m[Kâ€™ token
[5.138s]    26 |         sub_image = this->create_subscription<sensor_msgs::msg::Image[01;31m[K>[m[K("/image_raw", 5, sub_image_callback);
[5.139s]       |                                                                      [01;31m[K^[m[K
[9.686s] make[2]: *** [CMakeFiles/xsens_mti_node.dir/build.make:90: CMakeFiles/xsens_mti_node.dir/src/xdainterface.cpp.o] Interrupt
[9.687s] make[1]: *** [CMakeFiles/Makefile2:137: CMakeFiles/xsens_mti_node.dir/all] Interrupt
[9.688s] make: *** [Makefile:146: all] Interrupt
[9.747s] Invoked command in '/home/ubuntu/ros2_ws/build/bluespace_ai_xsens_mti_driver' returned '-2': CMAKE_PREFIX_PATH=${CMAKE_PREFIX_PATH}:/opt/ros/foxy /home/ubuntu/.local/bin/cmake --build /home/ubuntu/ros2_ws/build/bluespace_ai_xsens_mti_driver -- -j4 -l4
