[0.694s] Invoking command in '/home/ubuntu/ros2_ws/build/bluespace_ai_xsens_mti_driver': CMAKE_PREFIX_PATH=${CMAKE_PREFIX_PATH}:/opt/ros/foxy /home/ubuntu/.local/bin/cmake --build /home/ubuntu/ros2_ws/build/bluespace_ai_xsens_mti_driver -- -j4 -l4
[0.778s] [ 25%] [32mBuilding CXX object CMakeFiles/xsens_mti_node.dir/src/xdainterface.cpp.o[0m
[1.039s] In file included from [01m[K/home/ubuntu/ros2_ws/src/bluespace_ai_xsens_ros_mti_driver/src/xdainterface.cpp:87[m[K:
[1.039s] [01m[K/home/ubuntu/ros2_ws/src/bluespace_ai_xsens_ros_mti_driver/src/messagepublishers/imu_cam_publisher.h:45:2:[m[K [01;31m[Kerror: [m[K#endif without #if
[1.039s]    45 | #[01;31m[Kendif[m[K
[1.039s]       |  [01;31m[K^~~~~[m[K
[5.212s] [01m[K/home/ubuntu/ros2_ws/src/bluespace_ai_xsens_ros_mti_driver/src/messagepublishers/imu_cam_publisher.h:[m[K In constructor â€˜[01m[KCamImuPublisher::CamImuPublisher(rclcpp::Node&)[m[Kâ€™:
[5.212s] [01m[K/home/ubuntu/ros2_ws/src/bluespace_ai_xsens_ros_mti_driver/src/messagepublishers/imu_cam_publisher.h:18:15:[m[K [01;31m[Kerror: [m[Kâ€˜[01m[Kcreate_publisher[m[Kâ€™ was not declared in this scope; did you mean â€˜[01m[Krclcpp::create_publisher[m[Kâ€™?
[5.212s]    18 |         pub = [01;31m[Kcreate_publisher[m[K<sensor_msgs::msg::Image>("/imu_cam_sync", 10);
[5.213s]       |               [01;31m[K^~~~~~~~~~~~~~~~[m[K
[5.213s]       |               [32m[Krclcpp::create_publisher[m[K
[5.213s] In file included from [01m[K/opt/ros/foxy/include/rclcpp/node_impl.hpp:39[m[K,
[5.213s]                  from [01m[K/opt/ros/foxy/include/rclcpp/node.hpp:1224[m[K,
[5.213s]                  from [01m[K/opt/ros/foxy/include/rclcpp/executors/single_threaded_executor.hpp:28[m[K,
[5.213s]                  from [01m[K/opt/ros/foxy/include/rclcpp/executors.hpp:22[m[K,
[5.214s]                  from [01m[K/opt/ros/foxy/include/rclcpp/rclcpp.hpp:146[m[K,
[5.214s]                  from [01m[K/home/ubuntu/ros2_ws/src/bluespace_ai_xsens_ros_mti_driver/src/xdainterface.h:65[m[K,
[5.214s]                  from [01m[K/home/ubuntu/ros2_ws/src/bluespace_ai_xsens_ros_mti_driver/src/xdainterface.cpp:62[m[K:
[5.214s] [01m[K/opt/ros/foxy/include/rclcpp/create_publisher.hpp:43:1:[m[K [01;36m[Knote: [m[Kâ€˜[01m[Krclcpp::create_publisher[m[Kâ€™ declared here
[5.214s]    43 | [01;36m[Kcreate_publisher[m[K(
[5.214s]       | [01;36m[K^~~~~~~~~~~~~~~~[m[K
[5.214s] In file included from [01m[K/home/ubuntu/ros2_ws/src/bluespace_ai_xsens_ros_mti_driver/src/xdainterface.cpp:87[m[K:
[5.215s] [01m[K/home/ubuntu/ros2_ws/src/bluespace_ai_xsens_ros_mti_driver/src/messagepublishers/imu_cam_publisher.h:18:55:[m[K [01;31m[Kerror: [m[Kexpected primary-expression before â€˜[01m[K>[m[Kâ€™ token
[5.215s]    18 |         pub = create_publisher<sensor_msgs::msg::Image[01;31m[K>[m[K("/imu_cam_sync", 10);
[5.215s]       |                                                       [01;31m[K^[m[K
[5.215s] [01m[K/home/ubuntu/ros2_ws/src/bluespace_ai_xsens_ros_mti_driver/src/messagepublishers/imu_cam_publisher.h:21:21:[m[K [01;31m[Kerror: [m[Kâ€˜[01m[Kcreate_subscription[m[Kâ€™ was not declared in this scope; did you mean â€˜[01m[Krclcpp::create_subscription[m[Kâ€™?
[5.215s]    21 |         sub_image = [01;31m[Kcreate_subscription[m[K<sensor_msgs::msg::Image>(
[5.215s]       |                     [01;31m[K^~~~~~~~~~~~~~~~~~~[m[K
[5.215s]       |                     [32m[Krclcpp::create_subscription[m[K
[5.216s] In file included from [01m[K/opt/ros/foxy/include/rclcpp/node_impl.hpp:42[m[K,
[5.216s]                  from [01m[K/opt/ros/foxy/include/rclcpp/node.hpp:1224[m[K,
[5.216s]                  from [01m[K/opt/ros/foxy/include/rclcpp/executors/single_threaded_executor.hpp:28[m[K,
[5.216s]                  from [01m[K/opt/ros/foxy/include/rclcpp/executors.hpp:22[m[K,
[5.216s]                  from [01m[K/opt/ros/foxy/include/rclcpp/rclcpp.hpp:146[m[K,
[5.216s]                  from [01m[K/home/ubuntu/ros2_ws/src/bluespace_ai_xsens_ros_mti_driver/src/xdainterface.h:65[m[K,
[5.216s]                  from [01m[K/home/ubuntu/ros2_ws/src/bluespace_ai_xsens_ros_mti_driver/src/xdainterface.cpp:62[m[K:
[5.217s] [01m[K/opt/ros/foxy/include/rclcpp/create_subscription.hpp:80:1:[m[K [01;36m[Knote: [m[Kâ€˜[01m[Krclcpp::create_subscription[m[Kâ€™ declared here
[5.217s]    80 | [01;36m[Kcreate_subscription[m[K(
[5.217s]       | [01;36m[K^~~~~~~~~~~~~~~~~~~[m[K
[5.217s] In file included from [01m[K/home/ubuntu/ros2_ws/src/bluespace_ai_xsens_ros_mti_driver/src/xdainterface.cpp:87[m[K:
[5.217s] [01m[K/home/ubuntu/ros2_ws/src/bluespace_ai_xsens_ros_mti_driver/src/messagepublishers/imu_cam_publisher.h:21:64:[m[K [01;31m[Kerror: [m[Kexpected primary-expression before â€˜[01m[K>[m[Kâ€™ token
[5.217s]    21 |         sub_image = create_subscription<sensor_msgs::msg::Image[01;31m[K>[m[K(
[5.217s]       |                                                                [01;31m[K^[m[K
[10.533s] make[2]: *** [CMakeFiles/xsens_mti_node.dir/build.make:90: CMakeFiles/xsens_mti_node.dir/src/xdainterface.cpp.o] Error 1
[10.534s] make[1]: *** [CMakeFiles/Makefile2:137: CMakeFiles/xsens_mti_node.dir/all] Error 2
[10.535s] make: *** [Makefile:146: all] Error 2
[10.546s] Invoked command in '/home/ubuntu/ros2_ws/build/bluespace_ai_xsens_mti_driver' returned '2': CMAKE_PREFIX_PATH=${CMAKE_PREFIX_PATH}:/opt/ros/foxy /home/ubuntu/.local/bin/cmake --build /home/ubuntu/ros2_ws/build/bluespace_ai_xsens_mti_driver -- -j4 -l4
