In file included from [01m[K/home/ubuntu/ros2_ws/src/bluespace_ai_xsens_ros_mti_driver/src/xdainterface.cpp:87[m[K:
[01m[K/home/ubuntu/ros2_ws/src/bluespace_ai_xsens_ros_mti_driver/src/messagepublishers/imu_cam_publisher.h:[m[K In lambda function:
[01m[K/home/ubuntu/ros2_ws/src/bluespace_ai_xsens_ros_mti_driver/src/messagepublishers/imu_cam_publisher.h:81:17:[m[K [01;31m[Kerror: [m[Kâ€˜[01m[Kimu_callback[m[Kâ€™ was not declared in this scope; did you mean â€˜[01m[Kimage_callback[m[Kâ€™?
   81 |                 [01;31m[Kimu_callback[m[K(msg);
      |                 [01;31m[K^~~~~~~~~~~~[m[K
      |                 [32m[Kimage_callback[m[K
[01m[K/home/ubuntu/ros2_ws/src/bluespace_ai_xsens_ros_mti_driver/src/messagepublishers/imu_cam_publisher.h:[m[K In member function â€˜[01m[Kvirtual void CamImuPublisher::operator()(const XsDataPacket&, rclcpp::Time)[m[Kâ€™:
[01m[K/home/ubuntu/ros2_ws/src/bluespace_ai_xsens_ros_mti_driver/src/messagepublishers/imu_cam_publisher.h:88:26:[m[K [01;31m[Kerror: [m[Kâ€˜[01m[Kimu_msg[m[Kâ€™ was not declared in this scope
   88 |         imu_buffer.push(*[01;31m[Kimu_msg[m[K);
      |                          [01;31m[K^~~~~~~[m[K
[01m[K/home/ubuntu/ros2_ws/src/bluespace_ai_xsens_ros_mti_driver/src/messagepublishers/imu_cam_publisher.h:93:50:[m[K [01;31m[Kerror: [m[Kâ€˜[01m[Kconst struct XsDataPacket[m[Kâ€™ has no member named â€˜[01m[Kstamp[m[Kâ€™
   93 |             synchronize_data(rclcpp::Time(packet.[01;31m[Kstamp[m[K));
      |                                                  [01;31m[K^~~~~[m[K
make[2]: *** [CMakeFiles/xsens_mti_node.dir/build.make:90: CMakeFiles/xsens_mti_node.dir/src/xdainterface.cpp.o] Error 1
make[1]: *** [CMakeFiles/Makefile2:137: CMakeFiles/xsens_mti_node.dir/all] Error 2
make: *** [Makefile:146: all] Error 2
