[0.355s] Invoking command in '/home/ubuntu/ros2_ws/build/v4l2_camera': CMAKE_PREFIX_PATH=${CMAKE_PREFIX_PATH}:/opt/ros/foxy /home/ubuntu/.local/bin/cmake --build /home/ubuntu/ros2_ws/build/v4l2_camera -- -j4 -l4
[0.403s] [ 14%] [32mBuilding CXX object CMakeFiles/v4l2_camera.dir/src/v4l2_camera.cpp.o[0m
[6.602s] [01m[K/home/ubuntu/ros2_ws/src/v4l2_camera/src/v4l2_camera.cpp:448:13:[m[K [01;31m[Kerror: [m[Kâ€˜[01m[Kvoid v4l2_camera::yuyv2rgb(const unsigned char*, unsigned char*, int)[m[Kâ€™ defined but not used [[01;31m[K-Werror=unused-function[m[K]
[6.603s]   448 | static void [01;31m[Kyuyv2rgb[m[K(unsigned char const * YUV, unsigned char * RGB, int NumPixels)
[6.603s]       |             [01;31m[K^~~~~~~~[m[K
[9.274s] cc1plus: all warnings being treated as errors
[9.328s] make[2]: *** [CMakeFiles/v4l2_camera.dir/build.make:76: CMakeFiles/v4l2_camera.dir/src/v4l2_camera.cpp.o] Error 1
[9.328s] make[1]: *** [CMakeFiles/Makefile2:141: CMakeFiles/v4l2_camera.dir/all] Error 2
[9.329s] make: *** [Makefile:146: all] Error 2
[9.333s] Invoked command in '/home/ubuntu/ros2_ws/build/v4l2_camera' returned '2': CMAKE_PREFIX_PATH=${CMAKE_PREFIX_PATH}:/opt/ros/foxy /home/ubuntu/.local/bin/cmake --build /home/ubuntu/ros2_ws/build/v4l2_camera -- -j4 -l4
