[ 14%] [32mBuilding CXX object CMakeFiles/v4l2_camera.dir/src/v4l2_camera.cpp.o[0m
[01m[K/home/ubuntu/ros2_ws/src/v4l2_camera/src/v4l2_camera.cpp:[m[K In member function â€˜[01m[Ksensor_msgs::msg::Image_<std::allocator<void> >::UniquePtr v4l2_camera::V4L2Camera::convert(const Image&) const[m[Kâ€™:
[01m[K/home/ubuntu/ros2_ws/src/v4l2_camera/src/v4l2_camera.cpp:585:33:[m[K [01;31m[Kerror: [m[Kqualified-id in declaration before â€˜[01m[K([m[Kâ€™ token
  585 | bool V4L2Camera::checkCameraInfo[01;31m[K([m[K
      |                                 [01;31m[K^[m[K
In file included from [01m[K/opt/ros/foxy/include/class_loader/class_loader.hpp:56[m[K,
                 from [01m[K/opt/ros/foxy/include/rclcpp_components/register_node_macro.hpp:18[m[K,
                 from [01m[K/home/ubuntu/ros2_ws/src/v4l2_camera/src/v4l2_camera.cpp:27[m[K:
[01m[K/home/ubuntu/ros2_ws/src/v4l2_camera/src/v4l2_camera.cpp:[m[K At global scope:
[01m[K/home/ubuntu/ros2_ws/src/v4l2_camera/src/v4l2_camera.cpp:594:1:[m[K [01;31m[Kerror: [m[Kexpected â€˜[01m[K}[m[Kâ€™ at end of input
  594 | [01;31m[KRCLCPP_COMPONENTS_REGISTER_NODE[m[K(v4l2_camera::V4L2Camera)
      | [01;31m[K^~~~~~~~~~~~~~~~~~~~~~~~~~~~~~~[m[K
[01m[K/home/ubuntu/ros2_ws/src/v4l2_camera/src/v4l2_camera.cpp:32:1:[m[K [01;36m[Knote: [m[Kto match this â€˜[01m[K{[m[Kâ€™
   32 | [01;36m[K{[m[K
      | [01;36m[K^[m[K
[01m[K/home/ubuntu/ros2_ws/src/v4l2_camera/src/v4l2_camera.cpp:[m[K In member function â€˜[01m[Ksensor_msgs::msg::Image_<std::allocator<void> >::UniquePtr v4l2_camera::V4L2Camera::convert(const Image&) const[m[Kâ€™:
[01m[K/home/ubuntu/ros2_ws/src/v4l2_camera/src/v4l2_camera.cpp:592:1:[m[K [01;31m[Kerror: [m[Kcontrol reaches end of non-void function [[01;31m[K-Werror=return-type[m[K]
  592 | [01;31m[K}[m[K  // namespace v4l2_camera
      | [01;31m[K^[m[K
cc1plus: all warnings being treated as errors
make[2]: *** [CMakeFiles/v4l2_camera.dir/build.make:76: CMakeFiles/v4l2_camera.dir/src/v4l2_camera.cpp.o] Error 1
make[1]: *** [CMakeFiles/Makefile2:141: CMakeFiles/v4l2_camera.dir/all] Error 2
make: *** [Makefile:146: all] Error 2
