[0.696s] Invoking command in '/home/ubuntu/ros2_ws/build/bluespace_ai_xsens_mti_driver': CMAKE_PREFIX_PATH=${CMAKE_PREFIX_PATH}:/opt/ros/foxy /home/ubuntu/.local/bin/cmake --build /home/ubuntu/ros2_ws/build/bluespace_ai_xsens_mti_driver -- -j4 -l4
[0.780s] [ 25%] [32mBuilding CXX object CMakeFiles/xsens_mti_node.dir/src/xdainterface.cpp.o[0m
[5.057s] In file included from [01m[K/home/ubuntu/ros2_ws/src/bluespace_ai_xsens_ros_mti_driver/src/xdainterface.cpp:87[m[K:
[5.057s] [01m[K/home/ubuntu/ros2_ws/src/bluespace_ai_xsens_ros_mti_driver/src/messagepublishers/imu_cam_publisher.h:[m[K In constructor â€˜[01m[KCamImuPublisher::CamImuPublisher(rclcpp::Node&)[m[Kâ€™:
[5.057s] [01m[K/home/ubuntu/ros2_ws/src/bluespace_ai_xsens_ros_mti_driver/src/messagepublishers/imu_cam_publisher.h:16:46:[m[K [01;31m[Kerror: [m[Kclass â€˜[01m[KCamImuPublisher[m[Kâ€™ does not have any field named â€˜[01m[KNode[m[Kâ€™
[5.058s]    16 |        CamImuPublisher(rclcpp::Node &node) : [01;31m[KNode[m[K("pub_imu_cam", rclcpp::NodeOptions().use_intra_process_comms(true))
[5.058s]       |                                              [01;31m[K^~~~[m[K
[5.058s] [01m[K/home/ubuntu/ros2_ws/src/bluespace_ai_xsens_ros_mti_driver/src/messagepublishers/imu_cam_publisher.h:20:15:[m[K [01;31m[Kerror: [m[Kâ€˜[01m[Kstruct CamImuPublisher[m[Kâ€™ has no member named â€˜[01m[Kget_parameter[m[Kâ€™
[5.058s]    20 |         this->[01;31m[Kget_parameter[m[K("publisher_queue_size", pub_queue_size);
[5.058s]       |               [01;31m[K^~~~~~~~~~~~~[m[K
[5.058s] [01m[K/home/ubuntu/ros2_ws/src/bluespace_ai_xsens_ros_mti_driver/src/messagepublishers/imu_cam_publisher.h:21:21:[m[K [01;31m[Kerror: [m[Kâ€˜[01m[Kstruct CamImuPublisher[m[Kâ€™ has no member named â€˜[01m[Kcreate_publisher[m[Kâ€™
[5.059s]    21 |         pub = this->[01;31m[Kcreate_publisher[m[K<sensor_msgs::msg::Image>("/imu_cam_sync", pub_queue_size);
[5.059s]       |                     [01;31m[K^~~~~~~~~~~~~~~~[m[K
[5.059s] [01m[K/home/ubuntu/ros2_ws/src/bluespace_ai_xsens_ros_mti_driver/src/messagepublishers/imu_cam_publisher.h:21:61:[m[K [01;31m[Kerror: [m[Kexpected primary-expression before â€˜[01m[K>[m[Kâ€™ token
[5.059s]    21 |         pub = this->create_publisher<sensor_msgs::msg::Image[01;31m[K>[m[K("/imu_cam_sync", pub_queue_size);
[5.059s]       |                                                             [01;31m[K^[m[K
[5.064s] [01m[K/home/ubuntu/ros2_ws/src/bluespace_ai_xsens_ros_mti_driver/src/messagepublishers/imu_cam_publisher.h:27:27:[m[K [01;31m[Kerror: [m[Kâ€˜[01m[Kstruct CamImuPublisher[m[Kâ€™ has no member named â€˜[01m[Kcreate_subscription[m[Kâ€™
[5.064s]    27 |         sub_image = this->[01;31m[Kcreate_subscription[m[K<sensor_msgs::msg::Image>("/image_raw", 5, sub_image_callback);
[5.065s]       |                           [01;31m[K^~~~~~~~~~~~~~~~~~~[m[K
[5.065s] [01m[K/home/ubuntu/ros2_ws/src/bluespace_ai_xsens_ros_mti_driver/src/messagepublishers/imu_cam_publisher.h:27:70:[m[K [01;31m[Kerror: [m[Kexpected primary-expression before â€˜[01m[K>[m[Kâ€™ token
[5.065s]    27 |         sub_image = this->create_subscription<sensor_msgs::msg::Image[01;31m[K>[m[K("/image_raw", 5, sub_image_callback);
[5.065s]       |                                                                      [01;31m[K^[m[K
[10.011s] make[2]: *** [CMakeFiles/xsens_mti_node.dir/build.make:90: CMakeFiles/xsens_mti_node.dir/src/xdainterface.cpp.o] Error 1
[10.012s] make[1]: *** [CMakeFiles/Makefile2:137: CMakeFiles/xsens_mti_node.dir/all] Error 2
[10.012s] make: *** [Makefile:146: all] Error 2
[10.016s] Invoked command in '/home/ubuntu/ros2_ws/build/bluespace_ai_xsens_mti_driver' returned '2': CMAKE_PREFIX_PATH=${CMAKE_PREFIX_PATH}:/opt/ros/foxy /home/ubuntu/.local/bin/cmake --build /home/ubuntu/ros2_ws/build/bluespace_ai_xsens_mti_driver -- -j4 -l4
